20201127 13:40:50 INFO  [main] controller.CustomerController CustomerController.java37 - id:1 first name:hoover surname:hkfoor
20201127 13:40:50 INFO  [main] controller.CustomerController CustomerController.java47 - Please enter a first name
20201127 13:40:50 INFO  [main] controller.CustomerController CustomerController.java49 - Please enter a surname
20201127 13:40:50 INFO  [main] controller.CustomerController CustomerController.java52 - Customer created
20201127 13:40:50 INFO  [main] controller.CustomerController CustomerController.java79 - Please enter the id of the customer you would like to delete
20201127 13:40:50 INFO  [main] controller.CustomerController CustomerController.java61 - Please enter the id of the customer you would like to update
20201127 13:40:50 INFO  [main] controller.CustomerController CustomerController.java63 - Please enter a first name
20201127 13:40:50 INFO  [main] controller.CustomerController CustomerController.java65 - Please enter a surname
20201127 13:40:50 INFO  [main] controller.CustomerController CustomerController.java68 - Customer Updated
20201127 13:40:50 INFO  [main] controller.ItemController ItemController.java38 - Item [product_id=1, name=hoover, model=hkfoor, stock=10, price=20.0]
20201127 13:40:50 INFO  [main] controller.ItemController ItemController.java48 - Please enter a item name
20201127 13:40:50 INFO  [main] controller.ItemController ItemController.java50 - Please enter a model
20201127 13:40:50 INFO  [main] controller.ItemController ItemController.java52 - Please enter the stock level
20201127 13:40:50 INFO  [main] controller.ItemController ItemController.java54 - Please enter the price of the item
20201127 13:40:50 INFO  [main] controller.ItemController ItemController.java57 - Item created
20201127 13:40:51 INFO  [main] controller.ItemController ItemController.java88 - Please enter the id of the item you would like to delete
20201127 13:40:51 INFO  [main] controller.ItemController ItemController.java66 - Please enter the id of the item you would like to update
20201127 13:40:51 INFO  [main] controller.ItemController ItemController.java68 - Please enter a new name
20201127 13:40:51 INFO  [main] controller.ItemController ItemController.java70 - Please enter a new model
20201127 13:40:51 INFO  [main] controller.ItemController ItemController.java72 - Please enter the new stock level
20201127 13:40:51 INFO  [main] controller.ItemController ItemController.java74 - Please enter the new price
20201127 13:40:51 INFO  [main] controller.ItemController ItemController.java77 - Customer Updated
20201127 13:40:51 INFO  [main] controller.OrderController OrderController.java39 - Order [order_id=1, customer_id=1, date=2020-10-10, total=20.0]
20201127 13:40:51 INFO  [main] controller.OrderController OrderController.java40 - **** This customer has ordered the following items ****
20201127 13:40:51 INFO  [main] controller.OrderController OrderController.java46 - **********************
20201127 13:40:51 INFO  [main] controller.OrderController OrderController.java57 - Please enter a customer ID
20201127 13:40:51 INFO  [main] controller.OrderController OrderController.java59 - Please enter a order date (in the fromat YYYY-MM-DD)
20201127 13:40:51 INFO  [main] controller.OrderController OrderController.java62 - order created
20201127 13:40:51 INFO  [main] controller.OrderController OrderController.java92 - Delete full order or individual items from an order? (1)Full order (2)For individual items
20201127 13:40:51 INFO  [main] controller.OrderController OrderController.java95 - Please enter the id of the order you would like to delete
